pz3/pz3/app/build/intermediates/manifest_merge_blame_file/debug/processDebugMainManifest/manifest-merger-blame-debug-report.txt
1<?xml version="1.0" encoding="utf-8"?>
2<manifest xmlns:android="http://schemas.android.com/apk/res/android"
3    package="com.example.pz3max"
4    android:versionCode="1"
5    android:versionName="1.0" >
6
7    <uses-sdk
8        android:minSdkVersion="23"
9        android:targetSdkVersion="35" />
10
11    <application
11-->src\main\AndroidManifest.xml:2:5-19:19
12        android:allowBackup="true"
12-->src\main\AndroidManifest.xml:5:9-35
13        android:debuggable="true"
14        android:extractNativeLibs="false"
15        android:label="ПЗ3 Kotlin Max"
15-->src\main\AndroidManifest.xml:4:9-39
16        android:testOnly="true"
17        android:theme="@style/AppTheme"
17-->src\main\AndroidManifest.xml:3:9-40
18        android:usesCleartextTraffic="true" >
18-->src\main\AndroidManifest.xml:6:9-44
19        <activity android:name="com.example.pz3max.LibraryActivity" />
19-->src\main\AndroidManifest.xml:7:9-53
19-->src\main\AndroidManifest.xml:7:19-50
20        <activity android:name="com.example.pz3max.MoviesActivity" />
20-->src\main\AndroidManifest.xml:8:9-52
20-->src\main\AndroidManifest.xml:8:19-49
21        <activity android:name="com.example.pz3max.TodoActivity" />
21-->src\main\AndroidManifest.xml:9:9-50
21-->src\main\AndroidManifest.xml:9:19-47
22        <activity android:name="com.example.pz3max.GreetingActivity" />
22-->src\main\AndroidManifest.xml:10:9-54
22-->src\main\AndroidManifest.xml:10:19-51
23        <activity
23-->src\main\AndroidManifest.xml:11:9-18:20
24            android:name="com.example.pz3max.MainActivity"
24-->src\main\AndroidManifest.xml:12:13-41
25            android:exported="true" >
25-->src\main\AndroidManifest.xml:13:13-36
26            <intent-filter>
26-->src\main\AndroidManifest.xml:14:13-17:29
27                <action android:name="android.intent.action.MAIN" />
27-->src\main\AndroidManifest.xml:15:17-69
27-->src\main\AndroidManifest.xml:15:25-66
28
29                <category android:name="android.intent.category.LAUNCHER" />
29-->src\main\AndroidManifest.xml:16:17-77
29-->src\main\AndroidManifest.xml:16:27-74
30            </intent-filter>
31        </activity>
32    </application>
33
34</manifest>